<?xml version="1.0" encoding="UTF-8"?>
<!-- Generated by org.testng.reporters.JUnitReportReporter -->
<testsuite hostname="DESKTOP-QBR2O57" failures="0" tests="1" name="Testdata.Base" time="3.758" errors="0" timestamp="2024-10-26T04:57:47 PDT" skipped="0">
  <testcase classname="Testdata.Base" name="loginTest" time="3.758"/>
</testsuite> <!-- Testdata.Base -->
