<?xml version="1.0" encoding="UTF-8"?>
<!-- Generated by org.testng.reporters.JUnitReportReporter -->
<testsuite hostname="DESKTOP-QBR2O57" failures="0" tests="2" name="Testdata.Testdata" time="7.289" errors="0" timestamp="2024-10-22T10:06:33 PDT" skipped="0">
  <testcase classname="Testdata.Testdata" name="loginTest" time="3.925"/>
  <testcase classname="Testdata.Testdata" name="data" time="3.364"/>
</testsuite> <!-- Testdata.Testdata -->
