<?xml version="1.0" encoding="UTF-8"?>
<!-- Generated by org.testng.reporters.JUnitReportReporter -->
<testsuite hostname="DESKTOP-QBR2O57" failures="0" tests="2" name="Testdata.Testdata" time="7.272" errors="0" timestamp="2024-10-26T04:40:11 PDT" skipped="0">
  <testcase classname="Testdata.Testdata" name="loginTest" time="4.050"/>
  <testcase classname="Testdata.Testdata" name="data" time="3.222"/>
</testsuite> <!-- Testdata.Testdata -->
