<?xml version="1.0" encoding="UTF-8"?>
<!-- Generated by org.testng.reporters.JUnitReportReporter -->
<testsuite hostname="DESKTOP-QBR2O57" failures="0" tests="2" name="Testdata.Testdata" time="7.205" errors="0" timestamp="2024-10-26T04:31:41 PDT" skipped="0">
  <testcase classname="Testdata.Testdata" name="loginTest" time="3.854"/>
  <testcase classname="Testdata.Testdata" name="data" time="3.351"/>
</testsuite> <!-- Testdata.Testdata -->
